{"contracts/DescendingPriceAuction.sol":{"l":{"35":63,"36":63,"40":51,"44":1,"45":1,"46":1,"47":1,"52":20,"53":7,"54":7,"55":7,"57":19,"66":11,"70":4,"74":0,"83":1,"92":1,"102":4,"112":4,"121":4,"131":18,"132":18,"133":18,"134":18,"135":18,"136":18,"137":18,"141":18,"142":18,"149":18,"150":16,"151":16,"158":16,"175":16,"176":16,"177":16,"178":16,"179":16,"180":16,"181":16,"187":18,"188":18,"193":18,"194":18,"202":2,"203":2,"213":1,"214":1,"218":1,"219":1,"220":1,"224":2,"225":2,"226":2,"227":2,"228":2,"235":2,"236":2,"242":1,"243":1,"244":1,"245":1,"246":1,"247":1,"248":1,"257":2,"258":1,"259":1,"274":18,"275":16,"277":16,"286":23,"287":23,"288":23,"297":20,"298":20,"299":20,"300":18,"312":5,"313":5,"314":5,"315":5,"316":5,"317":5,"326":1,"327":1},"path":"/Users/kevinbeauregard/gitrepos/pf-auctions/contracts/DescendingPriceAuction.sol","s":{"1":63,"2":63,"3":51,"4":1,"5":1,"6":1,"7":20,"8":7,"9":7,"10":7,"11":11,"12":4,"13":0,"14":1,"15":1,"16":4,"17":4,"18":4,"19":18,"20":18,"21":18,"22":18,"23":18,"24":18,"25":18,"26":18,"27":18,"28":18,"29":16,"30":16,"31":16,"32":16,"33":16,"34":16,"35":16,"36":16,"37":16,"38":16,"39":18,"40":18,"41":18,"42":18,"43":2,"44":2,"45":1,"46":1,"47":1,"48":1,"49":1,"50":2,"51":2,"52":2,"53":2,"54":2,"55":2,"56":2,"57":1,"58":1,"59":1,"60":1,"61":1,"62":1,"63":1,"64":2,"65":1,"66":1,"67":18,"68":2,"69":16,"70":0,"71":16,"72":23,"73":23,"74":23,"75":20,"76":20,"77":20,"78":18,"79":5,"80":5,"81":5,"82":5,"83":5,"84":5,"85":1,"86":1},"b":{"1":[1,0],"2":[1,0],"3":[7,13],"4":[7,0],"5":[6,1],"6":[18,0],"7":[18,0],"8":[18,0],"9":[18,0],"10":[18,0],"11":[18,0],"12":[18,0],"13":[18,0],"14":[18,0],"15":[1,0],"16":[2,0],"17":[2,0],"18":[2,0],"19":[1,1],"20":[2,16],"21":[0,16],"22":[23,0],"23":[23,0],"24":[17,1]},"f":{"1":63,"2":51,"3":1,"4":20,"5":11,"6":4,"7":0,"8":1,"9":1,"10":4,"11":4,"12":4,"13":18,"14":18,"15":18,"16":18,"17":2,"18":1,"19":2,"20":2,"21":18,"22":23,"23":20,"24":5,"25":1},"fnMap":{"1":{"name":"constructor","line":32,"loc":{"start":{"line":32,"column":4},"end":{"line":37,"column":4}}},"2":{"name":"_msgSender","line":39,"loc":{"start":{"line":39,"column":4},"end":{"line":41,"column":4}}},"3":{"name":"onlyAuctioneer","line":43,"loc":{"start":{"line":43,"column":4},"end":{"line":48,"column":4}}},"4":{"name":"onlyCollectionOwner","line":50,"loc":{"start":{"line":50,"column":4},"end":{"line":58,"column":4}}},"5":{"name":"getAuction","line":60,"loc":{"start":{"line":60,"column":4},"end":{"line":67,"column":4}}},"6":{"name":"totalAuctions","line":69,"loc":{"start":{"line":69,"column":4},"end":{"line":71,"column":4}}},"7":{"name":"totalCollections","line":73,"loc":{"start":{"line":73,"column":4},"end":{"line":75,"column":4}}},"8":{"name":"collectionLength","line":77,"loc":{"start":{"line":77,"column":4},"end":{"line":84,"column":4}}},"9":{"name":"neerGroupLength","line":86,"loc":{"start":{"line":86,"column":4},"end":{"line":93,"column":4}}},"10":{"name":"auctionOfNeerByIndex","line":96,"loc":{"start":{"line":96,"column":4},"end":{"line":103,"column":4}}},"11":{"name":"auctionOfCollByIndex","line":106,"loc":{"start":{"line":106,"column":4},"end":{"line":113,"column":4}}},"12":{"name":"_auctionExists","line":115,"loc":{"start":{"line":115,"column":4},"end":{"line":122,"column":4}}},"13":{"name":"createAuction","line":128,"loc":{"start":{"line":124,"column":4},"end":{"line":143,"column":4}}},"14":{"name":"_createAuction","line":145,"loc":{"start":{"line":145,"column":4},"end":{"line":182,"column":4}}},"15":{"name":"_pullTokens","line":184,"loc":{"start":{"line":184,"column":4},"end":{"line":190,"column":4}}},"16":{"name":"_pullToken","line":192,"loc":{"start":{"line":192,"column":4},"end":{"line":195,"column":4}}},"17":{"name":"_sendTokens","line":197,"loc":{"start":{"line":197,"column":4},"end":{"line":205,"column":4}}},"18":{"name":"stopAuction","line":211,"loc":{"start":{"line":207,"column":4},"end":{"line":221,"column":4}}},"19":{"name":"bid","line":223,"loc":{"start":{"line":223,"column":4},"end":{"line":249,"column":4}}},"20":{"name":"getCurrentPrice","line":251,"loc":{"start":{"line":251,"column":4},"end":{"line":266,"column":4}}},"21":{"name":"_getCurrentPrice","line":268,"loc":{"start":{"line":268,"column":4},"end":{"line":278,"column":4}}},"22":{"name":"_calulateAbsoluteDecay","line":280,"loc":{"start":{"line":280,"column":4},"end":{"line":289,"column":4}}},"23":{"name":"_safeTransferFromExact","line":291,"loc":{"start":{"line":291,"column":4},"end":{"line":304,"column":4}}},"24":{"name":"createCollection","line":309,"loc":{"start":{"line":306,"column":4},"end":{"line":318,"column":4}}},"25":{"name":"transferCollection","line":324,"loc":{"start":{"line":320,"column":4},"end":{"line":328,"column":4}}}},"statementMap":{"1":{"start":{"line":35,"column":8},"end":{"line":35,"column":31}},"2":{"start":{"line":36,"column":8},"end":{"line":36,"column":34}},"3":{"start":{"line":40,"column":8},"end":{"line":40,"column":25}},"4":{"start":{"line":44,"column":8},"end":{"line":44,"column":62}},"5":{"start":{"line":45,"column":8},"end":{"line":45,"column":47}},"6":{"start":{"line":46,"column":8},"end":{"line":46,"column":61}},"7":{"start":{"line":52,"column":8},"end":{"line":52,"column":1940}},"8":{"start":{"line":53,"column":12},"end":{"line":53,"column":67}},"9":{"start":{"line":54,"column":12},"end":{"line":54,"column":54}},"10":{"start":{"line":55,"column":12},"end":{"line":55,"column":72}},"11":{"start":{"line":66,"column":8},"end":{"line":66,"column":28}},"12":{"start":{"line":70,"column":8},"end":{"line":70,"column":35}},"13":{"start":{"line":74,"column":8},"end":{"line":74,"column":35}},"14":{"start":{"line":83,"column":8},"end":{"line":83,"column":36}},"15":{"start":{"line":92,"column":8},"end":{"line":92,"column":38}},"16":{"start":{"line":102,"column":8},"end":{"line":102,"column":35}},"17":{"start":{"line":112,"column":8},"end":{"line":112,"column":33}},"18":{"start":{"line":121,"column":8},"end":{"line":121,"column":47}},"19":{"start":{"line":131,"column":8},"end":{"line":131,"column":68}},"20":{"start":{"line":132,"column":8},"end":{"line":132,"column":57}},"21":{"start":{"line":133,"column":8},"end":{"line":133,"column":69}},"22":{"start":{"line":134,"column":8},"end":{"line":134,"column":78}},"23":{"start":{"line":135,"column":8},"end":{"line":135,"column":63}},"24":{"start":{"line":136,"column":8},"end":{"line":136,"column":60}},"25":{"start":{"line":137,"column":8},"end":{"line":137,"column":4115}},"26":{"start":{"line":141,"column":8},"end":{"line":141,"column":65}},"27":{"start":{"line":142,"column":8},"end":{"line":142,"column":39}},"28":{"start":{"line":149,"column":8},"end":{"line":149,"column":58}},"29":{"start":{"line":150,"column":8},"end":{"line":150,"column":43}},"30":{"start":{"line":151,"column":8},"end":{"line":151,"column":4576}},"31":{"start":{"line":158,"column":8},"end":{"line":158,"column":4777}},"32":{"start":{"line":175,"column":8},"end":{"line":175,"column":35}},"33":{"start":{"line":176,"column":8},"end":{"line":176,"column":32}},"34":{"start":{"line":177,"column":8},"end":{"line":177,"column":28}},"35":{"start":{"line":178,"column":8},"end":{"line":178,"column":45}},"36":{"start":{"line":179,"column":8},"end":{"line":179,"column":31}},"37":{"start":{"line":180,"column":8},"end":{"line":180,"column":60}},"38":{"start":{"line":181,"column":8},"end":{"line":181,"column":17}},"39":{"start":{"line":187,"column":8},"end":{"line":187,"column":5734}},"40":{"start":{"line":188,"column":12},"end":{"line":188,"column":44}},"41":{"start":{"line":193,"column":8},"end":{"line":193,"column":52}},"42":{"start":{"line":194,"column":8},"end":{"line":194,"column":75}},"43":{"start":{"line":202,"column":8},"end":{"line":202,"column":6196}},"44":{"start":{"line":203,"column":12},"end":{"line":203,"column":64}},"45":{"start":{"line":213,"column":8},"end":{"line":213,"column":43}},"46":{"start":{"line":214,"column":8},"end":{"line":214,"column":6506}},"47":{"start":{"line":218,"column":8},"end":{"line":218,"column":70}},"48":{"start":{"line":219,"column":8},"end":{"line":219,"column":35}},"49":{"start":{"line":220,"column":8},"end":{"line":220,"column":32}},"50":{"start":{"line":224,"column":8},"end":{"line":224,"column":57}},"51":{"start":{"line":225,"column":8},"end":{"line":225,"column":43}},"52":{"start":{"line":226,"column":8},"end":{"line":226,"column":67}},"53":{"start":{"line":227,"column":8},"end":{"line":227,"column":60}},"54":{"start":{"line":228,"column":8},"end":{"line":228,"column":7086}},"55":{"start":{"line":235,"column":8},"end":{"line":235,"column":37}},"56":{"start":{"line":236,"column":8},"end":{"line":236,"column":7322}},"57":{"start":{"line":242,"column":8},"end":{"line":242,"column":64}},"58":{"start":{"line":243,"column":8},"end":{"line":243,"column":29}},"59":{"start":{"line":244,"column":8},"end":{"line":244,"column":30}},"60":{"start":{"line":245,"column":8},"end":{"line":245,"column":42}},"61":{"start":{"line":246,"column":8},"end":{"line":246,"column":35}},"62":{"start":{"line":247,"column":8},"end":{"line":247,"column":30}},"63":{"start":{"line":248,"column":8},"end":{"line":248,"column":65}},"64":{"start":{"line":257,"column":8},"end":{"line":257,"column":57}},"65":{"start":{"line":258,"column":8},"end":{"line":258,"column":37}},"66":{"start":{"line":259,"column":8},"end":{"line":259,"column":8011}},"67":{"start":{"line":274,"column":8},"end":{"line":274,"column":27}},"68":{"start":{"line":274,"column":19},"end":{"line":274,"column":27}},"69":{"start":{"line":275,"column":8},"end":{"line":275,"column":28}},"70":{"start":{"line":275,"column":20},"end":{"line":275,"column":28}},"71":{"start":{"line":277,"column":8},"end":{"line":277,"column":35}},"72":{"start":{"line":286,"column":8},"end":{"line":286,"column":37}},"73":{"start":{"line":287,"column":8},"end":{"line":287,"column":55}},"74":{"start":{"line":288,"column":8},"end":{"line":288,"column":41}},"75":{"start":{"line":297,"column":8},"end":{"line":297,"column":37}},"76":{"start":{"line":298,"column":8},"end":{"line":298,"column":45}},"77":{"start":{"line":299,"column":8},"end":{"line":299,"column":50}},"78":{"start":{"line":300,"column":8},"end":{"line":300,"column":9070}},"79":{"start":{"line":312,"column":8},"end":{"line":312,"column":46}},"80":{"start":{"line":313,"column":8},"end":{"line":313,"column":36}},"81":{"start":{"line":314,"column":8},"end":{"line":314,"column":33}},"82":{"start":{"line":315,"column":8},"end":{"line":315,"column":34}},"83":{"start":{"line":316,"column":8},"end":{"line":316,"column":41}},"84":{"start":{"line":317,"column":8},"end":{"line":317,"column":17}},"85":{"start":{"line":326,"column":8},"end":{"line":326,"column":32}},"86":{"start":{"line":327,"column":8},"end":{"line":327,"column":55}}},"branchMap":{"1":{"line":45,"type":"if","locations":[{"start":{"line":45,"column":8},"end":{"line":45,"column":8}},{"start":{"line":45,"column":8},"end":{"line":45,"column":8}}]},"2":{"line":46,"type":"if","locations":[{"start":{"line":46,"column":8},"end":{"line":46,"column":8}},{"start":{"line":46,"column":8},"end":{"line":46,"column":8}}]},"3":{"line":52,"type":"if","locations":[{"start":{"line":52,"column":8},"end":{"line":52,"column":8}},{"start":{"line":52,"column":8},"end":{"line":52,"column":8}}]},"4":{"line":54,"type":"if","locations":[{"start":{"line":54,"column":12},"end":{"line":54,"column":12}},{"start":{"line":54,"column":12},"end":{"line":54,"column":12}}]},"5":{"line":55,"type":"if","locations":[{"start":{"line":55,"column":12},"end":{"line":55,"column":12}},{"start":{"line":55,"column":12},"end":{"line":55,"column":12}}]},"6":{"line":131,"type":"if","locations":[{"start":{"line":131,"column":8},"end":{"line":131,"column":8}},{"start":{"line":131,"column":8},"end":{"line":131,"column":8}}]},"7":{"line":132,"type":"if","locations":[{"start":{"line":132,"column":8},"end":{"line":132,"column":8}},{"start":{"line":132,"column":8},"end":{"line":132,"column":8}}]},"8":{"line":133,"type":"if","locations":[{"start":{"line":133,"column":8},"end":{"line":133,"column":8}},{"start":{"line":133,"column":8},"end":{"line":133,"column":8}}]},"9":{"line":134,"type":"if","locations":[{"start":{"line":134,"column":8},"end":{"line":134,"column":8}},{"start":{"line":134,"column":8},"end":{"line":134,"column":8}}]},"10":{"line":135,"type":"if","locations":[{"start":{"line":135,"column":8},"end":{"line":135,"column":8}},{"start":{"line":135,"column":8},"end":{"line":135,"column":8}}]},"11":{"line":136,"type":"if","locations":[{"start":{"line":136,"column":8},"end":{"line":136,"column":8}},{"start":{"line":136,"column":8},"end":{"line":136,"column":8}}]},"12":{"line":137,"type":"if","locations":[{"start":{"line":137,"column":8},"end":{"line":137,"column":8}},{"start":{"line":137,"column":8},"end":{"line":137,"column":8}}]},"13":{"line":141,"type":"if","locations":[{"start":{"line":141,"column":8},"end":{"line":141,"column":8}},{"start":{"line":141,"column":8},"end":{"line":141,"column":8}}]},"14":{"line":193,"type":"if","locations":[{"start":{"line":193,"column":8},"end":{"line":193,"column":8}},{"start":{"line":193,"column":8},"end":{"line":193,"column":8}}]},"15":{"line":214,"type":"if","locations":[{"start":{"line":214,"column":8},"end":{"line":214,"column":8}},{"start":{"line":214,"column":8},"end":{"line":214,"column":8}}]},"16":{"line":224,"type":"if","locations":[{"start":{"line":224,"column":8},"end":{"line":224,"column":8}},{"start":{"line":224,"column":8},"end":{"line":224,"column":8}}]},"17":{"line":226,"type":"if","locations":[{"start":{"line":226,"column":8},"end":{"line":226,"column":8}},{"start":{"line":226,"column":8},"end":{"line":226,"column":8}}]},"18":{"line":227,"type":"if","locations":[{"start":{"line":227,"column":8},"end":{"line":227,"column":8}},{"start":{"line":227,"column":8},"end":{"line":227,"column":8}}]},"19":{"line":257,"type":"if","locations":[{"start":{"line":257,"column":8},"end":{"line":257,"column":8}},{"start":{"line":257,"column":8},"end":{"line":257,"column":8}}]},"20":{"line":274,"type":"if","locations":[{"start":{"line":274,"column":8},"end":{"line":274,"column":8}},{"start":{"line":274,"column":8},"end":{"line":274,"column":8}}]},"21":{"line":275,"type":"if","locations":[{"start":{"line":275,"column":8},"end":{"line":275,"column":8}},{"start":{"line":275,"column":8},"end":{"line":275,"column":8}}]},"22":{"line":286,"type":"if","locations":[{"start":{"line":286,"column":8},"end":{"line":286,"column":8}},{"start":{"line":286,"column":8},"end":{"line":286,"column":8}}]},"23":{"line":287,"type":"if","locations":[{"start":{"line":287,"column":8},"end":{"line":287,"column":8}},{"start":{"line":287,"column":8},"end":{"line":287,"column":8}}]},"24":{"line":300,"type":"if","locations":[{"start":{"line":300,"column":8},"end":{"line":300,"column":8}},{"start":{"line":300,"column":8},"end":{"line":300,"column":8}}]}}},"contracts/interfaces/IDescendingPriceAuction.sol":{"l":{},"path":"/Users/kevinbeauregard/gitrepos/pf-auctions/contracts/interfaces/IDescendingPriceAuction.sol","s":{},"b":{},"f":{},"fnMap":{},"statementMap":{},"branchMap":{}}}