{"contracts/DescendingPriceAuction.sol":{"l":{"36":54,"37":54,"41":44,"45":1,"46":1,"47":1,"48":1,"53":17,"54":7,"55":7,"56":7,"58":16,"62":2,"66":0,"70":1,"74":1,"79":4,"84":4,"88":3,"92":15,"93":15,"94":15,"95":15,"96":15,"97":15,"98":15,"99":15,"100":15,"104":15,"105":14,"106":14,"121":14,"122":14,"123":14,"124":14,"125":14,"126":14,"130":15,"131":15,"136":15,"137":15,"141":2,"142":2,"147":1,"148":1,"149":1,"150":1,"151":1,"155":1,"156":1,"157":1,"158":1,"159":1,"160":1,"161":1,"162":1,"163":1,"164":1,"165":1,"166":1,"167":1,"171":2,"172":1,"173":1,"177":8,"178":7,"179":6,"180":5,"181":3,"182":3,"183":3,"185":3,"186":3,"187":3,"191":5,"192":5,"193":5,"194":5,"195":5,"196":5,"200":1,"201":1},"path":"/Users/kevinbeauregard/gitrepos/pf-auctions/contracts/DescendingPriceAuction.sol","s":{"1":54,"2":54,"3":44,"4":1,"5":1,"6":1,"7":17,"8":7,"9":7,"10":7,"11":2,"12":0,"13":1,"14":1,"15":4,"16":4,"17":3,"18":15,"19":15,"20":15,"21":15,"22":15,"23":15,"24":15,"25":15,"26":15,"27":15,"28":14,"29":14,"30":14,"31":14,"32":14,"33":14,"34":14,"35":14,"36":15,"37":15,"38":15,"39":15,"40":2,"41":2,"42":1,"43":1,"44":1,"45":1,"46":1,"47":1,"48":1,"49":1,"50":1,"51":1,"52":1,"53":1,"54":1,"55":1,"56":1,"57":1,"58":1,"59":1,"60":2,"61":1,"62":1,"63":8,"64":7,"65":6,"66":5,"67":2,"68":3,"69":0,"70":3,"71":3,"72":3,"73":3,"74":3,"75":5,"76":5,"77":5,"78":5,"79":5,"80":5,"81":1,"82":1},"b":{"1":[1,0],"2":[1,0],"3":[7,10],"4":[7,0],"5":[6,1],"6":[15,0],"7":[15,0],"8":[15,0],"9":[15,0],"10":[15,0],"11":[15,0],"12":[15,0],"13":[15,0],"14":[15,0],"15":[1,0],"16":[1,0],"17":[1,0],"18":[1,0],"19":[1,1],"20":[7,1],"21":[6,1],"22":[5,1],"23":[2,3],"24":[0,3]},"f":{"1":54,"2":44,"3":1,"4":17,"5":2,"6":0,"7":1,"8":1,"9":4,"10":4,"11":3,"12":15,"13":15,"14":15,"15":15,"16":2,"17":1,"18":1,"19":2,"20":8,"21":5,"22":1},"fnMap":{"1":{"name":"constructor","line":33,"loc":{"start":{"line":33,"column":4},"end":{"line":38,"column":4}}},"2":{"name":"_msgSender","line":40,"loc":{"start":{"line":40,"column":4},"end":{"line":42,"column":4}}},"3":{"name":"onlyAuctioneer","line":44,"loc":{"start":{"line":44,"column":4},"end":{"line":49,"column":4}}},"4":{"name":"onlyCollectionOwner","line":51,"loc":{"start":{"line":51,"column":4},"end":{"line":59,"column":4}}},"5":{"name":"totalAuctions","line":61,"loc":{"start":{"line":61,"column":4},"end":{"line":63,"column":4}}},"6":{"name":"totalCollections","line":65,"loc":{"start":{"line":65,"column":4},"end":{"line":67,"column":4}}},"7":{"name":"collectionLength","line":69,"loc":{"start":{"line":69,"column":4},"end":{"line":71,"column":4}}},"8":{"name":"neerGroupLength","line":73,"loc":{"start":{"line":73,"column":4},"end":{"line":75,"column":4}}},"9":{"name":"auctionOfNeerByIndex","line":78,"loc":{"start":{"line":78,"column":4},"end":{"line":80,"column":4}}},"10":{"name":"auctionOfCollByIndex","line":83,"loc":{"start":{"line":83,"column":4},"end":{"line":85,"column":4}}},"11":{"name":"_auctionExists","line":87,"loc":{"start":{"line":87,"column":4},"end":{"line":89,"column":4}}},"12":{"name":"createAuction","line":91,"loc":{"start":{"line":91,"column":4},"end":{"line":101,"column":4}}},"13":{"name":"_createAuction","line":103,"loc":{"start":{"line":103,"column":4},"end":{"line":127,"column":4}}},"14":{"name":"_pullTokens","line":129,"loc":{"start":{"line":129,"column":4},"end":{"line":133,"column":4}}},"15":{"name":"_pullToken","line":135,"loc":{"start":{"line":135,"column":4},"end":{"line":138,"column":4}}},"16":{"name":"_sendTokens","line":140,"loc":{"start":{"line":140,"column":4},"end":{"line":144,"column":4}}},"17":{"name":"stopAuction","line":146,"loc":{"start":{"line":146,"column":4},"end":{"line":152,"column":4}}},"18":{"name":"bid","line":154,"loc":{"start":{"line":154,"column":4},"end":{"line":168,"column":4}}},"19":{"name":"getCurrentPrice","line":170,"loc":{"start":{"line":170,"column":4},"end":{"line":174,"column":4}}},"20":{"name":"_getCurrentPrice","line":176,"loc":{"start":{"line":176,"column":4},"end":{"line":188,"column":4}}},"21":{"name":"createCollection","line":190,"loc":{"start":{"line":190,"column":4},"end":{"line":197,"column":4}}},"22":{"name":"transferCollection","line":199,"loc":{"start":{"line":199,"column":4},"end":{"line":202,"column":4}}}},"statementMap":{"1":{"start":{"line":36,"column":8},"end":{"line":36,"column":31}},"2":{"start":{"line":37,"column":8},"end":{"line":37,"column":34}},"3":{"start":{"line":41,"column":8},"end":{"line":41,"column":25}},"4":{"start":{"line":45,"column":8},"end":{"line":45,"column":62}},"5":{"start":{"line":46,"column":8},"end":{"line":46,"column":47}},"6":{"start":{"line":47,"column":8},"end":{"line":47,"column":61}},"7":{"start":{"line":53,"column":8},"end":{"line":53,"column":1935}},"8":{"start":{"line":54,"column":12},"end":{"line":54,"column":67}},"9":{"start":{"line":55,"column":12},"end":{"line":55,"column":54}},"10":{"start":{"line":56,"column":12},"end":{"line":56,"column":72}},"11":{"start":{"line":62,"column":8},"end":{"line":62,"column":35}},"12":{"start":{"line":66,"column":8},"end":{"line":66,"column":35}},"13":{"start":{"line":70,"column":8},"end":{"line":70,"column":36}},"14":{"start":{"line":74,"column":8},"end":{"line":74,"column":38}},"15":{"start":{"line":79,"column":8},"end":{"line":79,"column":35}},"16":{"start":{"line":84,"column":8},"end":{"line":84,"column":33}},"17":{"start":{"line":88,"column":8},"end":{"line":88,"column":47}},"18":{"start":{"line":92,"column":8},"end":{"line":92,"column":68}},"19":{"start":{"line":93,"column":8},"end":{"line":93,"column":57}},"20":{"start":{"line":94,"column":8},"end":{"line":94,"column":69}},"21":{"start":{"line":95,"column":8},"end":{"line":95,"column":78}},"22":{"start":{"line":96,"column":8},"end":{"line":96,"column":63}},"23":{"start":{"line":97,"column":8},"end":{"line":97,"column":60}},"24":{"start":{"line":98,"column":8},"end":{"line":98,"column":93}},"25":{"start":{"line":99,"column":8},"end":{"line":99,"column":65}},"26":{"start":{"line":100,"column":8},"end":{"line":100,"column":31}},"27":{"start":{"line":104,"column":8},"end":{"line":104,"column":58}},"28":{"start":{"line":105,"column":8},"end":{"line":105,"column":43}},"29":{"start":{"line":106,"column":8},"end":{"line":106,"column":4075}},"30":{"start":{"line":121,"column":8},"end":{"line":121,"column":35}},"31":{"start":{"line":122,"column":8},"end":{"line":122,"column":32}},"32":{"start":{"line":123,"column":8},"end":{"line":123,"column":28}},"33":{"start":{"line":124,"column":8},"end":{"line":124,"column":45}},"34":{"start":{"line":125,"column":8},"end":{"line":125,"column":31}},"35":{"start":{"line":126,"column":8},"end":{"line":126,"column":60}},"36":{"start":{"line":130,"column":8},"end":{"line":130,"column":4960}},"37":{"start":{"line":131,"column":12},"end":{"line":131,"column":44}},"38":{"start":{"line":136,"column":8},"end":{"line":136,"column":51}},"39":{"start":{"line":137,"column":8},"end":{"line":137,"column":74}},"40":{"start":{"line":141,"column":8},"end":{"line":141,"column":5388}},"41":{"start":{"line":142,"column":12},"end":{"line":142,"column":64}},"42":{"start":{"line":147,"column":8},"end":{"line":147,"column":42}},"43":{"start":{"line":148,"column":8},"end":{"line":148,"column":85}},"44":{"start":{"line":149,"column":8},"end":{"line":149,"column":78}},"45":{"start":{"line":150,"column":8},"end":{"line":150,"column":35}},"46":{"start":{"line":151,"column":8},"end":{"line":151,"column":32}},"47":{"start":{"line":155,"column":8},"end":{"line":155,"column":57}},"48":{"start":{"line":156,"column":8},"end":{"line":156,"column":42}},"49":{"start":{"line":157,"column":8},"end":{"line":157,"column":67}},"50":{"start":{"line":158,"column":8},"end":{"line":158,"column":60}},"51":{"start":{"line":159,"column":8},"end":{"line":159,"column":58}},"52":{"start":{"line":160,"column":8},"end":{"line":160,"column":124}},"53":{"start":{"line":161,"column":8},"end":{"line":161,"column":37}},"54":{"start":{"line":162,"column":8},"end":{"line":162,"column":66}},"55":{"start":{"line":163,"column":8},"end":{"line":163,"column":64}},"56":{"start":{"line":164,"column":8},"end":{"line":164,"column":29}},"57":{"start":{"line":165,"column":8},"end":{"line":165,"column":30}},"58":{"start":{"line":166,"column":8},"end":{"line":166,"column":30}},"59":{"start":{"line":167,"column":8},"end":{"line":167,"column":65}},"60":{"start":{"line":171,"column":8},"end":{"line":171,"column":57}},"61":{"start":{"line":172,"column":8},"end":{"line":172,"column":36}},"62":{"start":{"line":173,"column":8},"end":{"line":173,"column":91}},"63":{"start":{"line":177,"column":8},"end":{"line":177,"column":37}},"64":{"start":{"line":178,"column":8},"end":{"line":178,"column":37}},"65":{"start":{"line":179,"column":8},"end":{"line":179,"column":46}},"66":{"start":{"line":180,"column":8},"end":{"line":180,"column":27}},"67":{"start":{"line":180,"column":19},"end":{"line":180,"column":27}},"68":{"start":{"line":181,"column":8},"end":{"line":181,"column":40}},"69":{"start":{"line":181,"column":32},"end":{"line":181,"column":40}},"70":{"start":{"line":182,"column":8},"end":{"line":182,"column":37}},"71":{"start":{"line":183,"column":8},"end":{"line":183,"column":33}},"72":{"start":{"line":185,"column":8},"end":{"line":185,"column":52}},"73":{"start":{"line":186,"column":8},"end":{"line":186,"column":45}},"74":{"start":{"line":187,"column":8},"end":{"line":187,"column":36}},"75":{"start":{"line":191,"column":8},"end":{"line":191,"column":46}},"76":{"start":{"line":192,"column":8},"end":{"line":192,"column":36}},"77":{"start":{"line":193,"column":8},"end":{"line":193,"column":33}},"78":{"start":{"line":194,"column":8},"end":{"line":194,"column":34}},"79":{"start":{"line":195,"column":8},"end":{"line":195,"column":41}},"80":{"start":{"line":196,"column":8},"end":{"line":196,"column":17}},"81":{"start":{"line":200,"column":8},"end":{"line":200,"column":32}},"82":{"start":{"line":201,"column":8},"end":{"line":201,"column":55}}},"branchMap":{"1":{"line":46,"type":"if","locations":[{"start":{"line":46,"column":8},"end":{"line":46,"column":8}},{"start":{"line":46,"column":8},"end":{"line":46,"column":8}}]},"2":{"line":47,"type":"if","locations":[{"start":{"line":47,"column":8},"end":{"line":47,"column":8}},{"start":{"line":47,"column":8},"end":{"line":47,"column":8}}]},"3":{"line":53,"type":"if","locations":[{"start":{"line":53,"column":8},"end":{"line":53,"column":8}},{"start":{"line":53,"column":8},"end":{"line":53,"column":8}}]},"4":{"line":55,"type":"if","locations":[{"start":{"line":55,"column":12},"end":{"line":55,"column":12}},{"start":{"line":55,"column":12},"end":{"line":55,"column":12}}]},"5":{"line":56,"type":"if","locations":[{"start":{"line":56,"column":12},"end":{"line":56,"column":12}},{"start":{"line":56,"column":12},"end":{"line":56,"column":12}}]},"6":{"line":92,"type":"if","locations":[{"start":{"line":92,"column":8},"end":{"line":92,"column":8}},{"start":{"line":92,"column":8},"end":{"line":92,"column":8}}]},"7":{"line":93,"type":"if","locations":[{"start":{"line":93,"column":8},"end":{"line":93,"column":8}},{"start":{"line":93,"column":8},"end":{"line":93,"column":8}}]},"8":{"line":94,"type":"if","locations":[{"start":{"line":94,"column":8},"end":{"line":94,"column":8}},{"start":{"line":94,"column":8},"end":{"line":94,"column":8}}]},"9":{"line":95,"type":"if","locations":[{"start":{"line":95,"column":8},"end":{"line":95,"column":8}},{"start":{"line":95,"column":8},"end":{"line":95,"column":8}}]},"10":{"line":96,"type":"if","locations":[{"start":{"line":96,"column":8},"end":{"line":96,"column":8}},{"start":{"line":96,"column":8},"end":{"line":96,"column":8}}]},"11":{"line":97,"type":"if","locations":[{"start":{"line":97,"column":8},"end":{"line":97,"column":8}},{"start":{"line":97,"column":8},"end":{"line":97,"column":8}}]},"12":{"line":98,"type":"if","locations":[{"start":{"line":98,"column":8},"end":{"line":98,"column":8}},{"start":{"line":98,"column":8},"end":{"line":98,"column":8}}]},"13":{"line":99,"type":"if","locations":[{"start":{"line":99,"column":8},"end":{"line":99,"column":8}},{"start":{"line":99,"column":8},"end":{"line":99,"column":8}}]},"14":{"line":136,"type":"if","locations":[{"start":{"line":136,"column":8},"end":{"line":136,"column":8}},{"start":{"line":136,"column":8},"end":{"line":136,"column":8}}]},"15":{"line":148,"type":"if","locations":[{"start":{"line":148,"column":8},"end":{"line":148,"column":8}},{"start":{"line":148,"column":8},"end":{"line":148,"column":8}}]},"16":{"line":155,"type":"if","locations":[{"start":{"line":155,"column":8},"end":{"line":155,"column":8}},{"start":{"line":155,"column":8},"end":{"line":155,"column":8}}]},"17":{"line":157,"type":"if","locations":[{"start":{"line":157,"column":8},"end":{"line":157,"column":8}},{"start":{"line":157,"column":8},"end":{"line":157,"column":8}}]},"18":{"line":158,"type":"if","locations":[{"start":{"line":158,"column":8},"end":{"line":158,"column":8}},{"start":{"line":158,"column":8},"end":{"line":158,"column":8}}]},"19":{"line":171,"type":"if","locations":[{"start":{"line":171,"column":8},"end":{"line":171,"column":8}},{"start":{"line":171,"column":8},"end":{"line":171,"column":8}}]},"20":{"line":177,"type":"if","locations":[{"start":{"line":177,"column":8},"end":{"line":177,"column":8}},{"start":{"line":177,"column":8},"end":{"line":177,"column":8}}]},"21":{"line":178,"type":"if","locations":[{"start":{"line":178,"column":8},"end":{"line":178,"column":8}},{"start":{"line":178,"column":8},"end":{"line":178,"column":8}}]},"22":{"line":179,"type":"if","locations":[{"start":{"line":179,"column":8},"end":{"line":179,"column":8}},{"start":{"line":179,"column":8},"end":{"line":179,"column":8}}]},"23":{"line":180,"type":"if","locations":[{"start":{"line":180,"column":8},"end":{"line":180,"column":8}},{"start":{"line":180,"column":8},"end":{"line":180,"column":8}}]},"24":{"line":181,"type":"if","locations":[{"start":{"line":181,"column":8},"end":{"line":181,"column":8}},{"start":{"line":181,"column":8},"end":{"line":181,"column":8}}]}}},"contracts/interfaces/IDescendingPriceAuction.sol":{"l":{},"path":"/Users/kevinbeauregard/gitrepos/pf-auctions/contracts/interfaces/IDescendingPriceAuction.sol","s":{},"b":{},"f":{},"fnMap":{},"statementMap":{},"branchMap":{}}}