TN:
SF:/Users/kevinbeauregard/gitrepos/pf-auctions/contracts/DescendingPriceAuction.sol
FN:33,constructor
FN:40,_msgSender
FN:44,onlyAuctioneer
FN:51,onlyCollectionOwner
FN:61,totalAuctions
FN:65,totalCollections
FN:69,collectionLength
FN:73,neerGroupLength
FN:78,auctionOfNeerByIndex
FN:83,auctionOfCollByIndex
FN:87,_auctionExists
FN:91,createAuction
FN:103,_createAuction
FN:129,_pullTokens
FN:135,_pullToken
FN:140,_sendTokens
FN:146,stopAuction
FN:154,bid
FN:170,getCurrentPrice
FN:176,_getCurrentPrice
FN:190,createCollection
FN:199,transferCollection
FNF:22
FNH:21
FNDA:54,constructor
FNDA:44,_msgSender
FNDA:1,onlyAuctioneer
FNDA:17,onlyCollectionOwner
FNDA:2,totalAuctions
FNDA:0,totalCollections
FNDA:1,collectionLength
FNDA:1,neerGroupLength
FNDA:4,auctionOfNeerByIndex
FNDA:4,auctionOfCollByIndex
FNDA:3,_auctionExists
FNDA:15,createAuction
FNDA:15,_createAuction
FNDA:15,_pullTokens
FNDA:15,_pullToken
FNDA:2,_sendTokens
FNDA:1,stopAuction
FNDA:1,bid
FNDA:2,getCurrentPrice
FNDA:8,_getCurrentPrice
FNDA:5,createCollection
FNDA:1,transferCollection
DA:36,54
DA:37,54
DA:41,44
DA:45,1
DA:46,1
DA:47,1
DA:48,1
DA:53,17
DA:54,7
DA:55,7
DA:56,7
DA:58,16
DA:62,2
DA:66,0
DA:70,1
DA:74,1
DA:79,4
DA:84,4
DA:88,3
DA:92,15
DA:93,15
DA:94,15
DA:95,15
DA:96,15
DA:97,15
DA:98,15
DA:99,15
DA:100,15
DA:104,15
DA:105,14
DA:106,14
DA:121,14
DA:122,14
DA:123,14
DA:124,14
DA:125,14
DA:126,14
DA:130,15
DA:131,15
DA:136,15
DA:137,15
DA:141,2
DA:142,2
DA:147,1
DA:148,1
DA:149,1
DA:150,1
DA:151,1
DA:155,1
DA:156,1
DA:157,1
DA:158,1
DA:159,1
DA:160,1
DA:161,1
DA:162,1
DA:163,1
DA:164,1
DA:165,1
DA:166,1
DA:167,1
DA:171,2
DA:172,1
DA:173,1
DA:177,8
DA:178,7
DA:179,6
DA:180,5
DA:181,3
DA:182,3
DA:183,3
DA:185,3
DA:186,3
DA:187,3
DA:191,5
DA:192,5
DA:193,5
DA:194,5
DA:195,5
DA:196,5
DA:200,1
DA:201,1
LF:82
LH:81
BRDA:46,1,0,1
BRDA:46,1,1,0
BRDA:47,2,0,1
BRDA:47,2,1,0
BRDA:53,3,0,7
BRDA:53,3,1,10
BRDA:55,4,0,7
BRDA:55,4,1,0
BRDA:56,5,0,6
BRDA:56,5,1,1
BRDA:92,6,0,15
BRDA:92,6,1,0
BRDA:93,7,0,15
BRDA:93,7,1,0
BRDA:94,8,0,15
BRDA:94,8,1,0
BRDA:95,9,0,15
BRDA:95,9,1,0
BRDA:96,10,0,15
BRDA:96,10,1,0
BRDA:97,11,0,15
BRDA:97,11,1,0
BRDA:98,12,0,15
BRDA:98,12,1,0
BRDA:99,13,0,15
BRDA:99,13,1,0
BRDA:136,14,0,15
BRDA:136,14,1,0
BRDA:148,15,0,1
BRDA:148,15,1,0
BRDA:155,16,0,1
BRDA:155,16,1,0
BRDA:157,17,0,1
BRDA:157,17,1,0
BRDA:158,18,0,1
BRDA:158,18,1,0
BRDA:171,19,0,1
BRDA:171,19,1,1
BRDA:177,20,0,7
BRDA:177,20,1,1
BRDA:178,21,0,6
BRDA:178,21,1,1
BRDA:179,22,0,5
BRDA:179,22,1,1
BRDA:180,23,0,2
BRDA:180,23,1,3
BRDA:181,24,0,0
BRDA:181,24,1,3
BRF:48
BRH:31
end_of_record
TN:
SF:/Users/kevinbeauregard/gitrepos/pf-auctions/contracts/interfaces/IDescendingPriceAuction.sol
FNF:0
FNH:0
LF:0
LH:0
BRF:0
BRH:0
end_of_record
